  7.390086 seconds (625.64 k allocations: 43.679 MiB, 0.21% gc time, 5.20% compilation time)
bads:TooCloseBounds: For each variable, hard and plausible bounds should not be too close. Moving plausible bounds.
Beginning optimization of a STOCHASTIC objective function (specified noise)

 Iteration    f-count      E[f(x)]        SD[f(x)]           MeshScale          Method              Actions
     0           1         6955.92         42.5444               1                                  
     0          33         6382.63         42.5444               1          Initial mesh            Initial points
     0          39         6382.63          42.232             0.5          Refine grid             Train
     1          40         6171.35         8.17454             0.5      Successful search (ES-wcm)        
     1          43         6108.37         8.15802             0.5      Successful search (ES-ell)        
     1          45         6053.94         8.14245             0.5      Successful search (ES-ell)        
     1          47          6021.8         8.00023             0.5      Successful search (ES-wcm)        
     1          57         6021.27         4.70594             0.5      Incremental search (ES-wcm)        
     1          66         6021.27         4.70594            0.25          Refine grid             Train
     2          67         6034.22         20.4184            0.25      Successful search (ES-ell)        
     2          69         6032.13         23.2634            0.25      Incremental search (ES-ell)        
     2          71          6025.9         18.2741            0.25      Successful search (ES-ell)        
     2          75         6018.64         13.2956            0.25      Successful search (ES-ell)        
     2          76         6018.37         17.3229            0.25      Incremental search (ES-wcm)        
     2          77         6016.19         21.1862            0.25      Incremental search (ES-wcm)        
     2          94         6016.19         21.1862           0.125          Refine grid             Train
     3          95          6020.7         8.83086           0.125      Successful search (ES-ell)        
     3          99         6013.83         8.32875           0.125      Successful search (ES-wcm)        
     3         116         6013.83         8.32875          0.0625          Refine grid             Train
     4         117         6016.79         7.21152          0.0625      Incremental search (ES-ell)        
     4         119         6015.13         8.36809          0.0625      Incremental search (ES-wcm)        
     4         132         6015.13         8.36809         0.03125          Refine grid             Train
     5         133          6020.5         6.59701         0.03125      Incremental search (ES-wcm)        
     5         134         6019.32         7.09829         0.03125      Incremental search (ES-ell)        
     5         137         6017.48         8.03017         0.03125      Incremental search (ES-ell)        
     5         149         6017.22          6.2365        0.015625          Refine grid             Train
     6         150         6016.03         6.40875        0.015625      Incremental search (ES-ell)        
     6         166         6015.73         5.98334      0.00390625          Refine grid             Train
     7         167         6018.38         5.49829      0.00390625      Incremental search (ES-wcm)        
     7         183         6017.93         5.15905     0.000976562          Refine grid             Train
     8         200         6018.57         4.90638     0.000244141          Refine grid             Train
     9         201         6020.59         4.45406     0.000244141      Incremental search (ES-ell)        
     9         203         6020.56         4.40372     0.000244141      Incremental search (ES-ell)        
     9         204         6020.33         4.37684     0.000244141      Incremental search (ES-ell)        
     9         206         6020.07         4.31414     0.000244141      Incremental search (ES-wcm)        
     9         217         6020.07         4.31414     6.10352e-05          Refine grid             
    10         218         6021.33          4.0842     6.10352e-05      Incremental search (ES-wcm)        
    10         234         6021.33          4.0842     1.52588e-05          Refine grid             
    11         235         6023.55          3.7313     1.52588e-05      Incremental search (ES-wcm)        
    11         251         6023.55          3.7313      3.8147e-06          Refine grid             
    12         268         6023.79         3.56209     9.53674e-07          Refine grid             
Optimization terminated: change in the function value less than options['tol_mesh']
Estimated function value at minimum: 6018.528739112485 ± 13.723926140397277 (mean ± SEM from 10 samples)
Any[0.001, 0.05, 0.3, 1.0, 2, 1]
Any[0.005, 0.1, 1.2, 1.8, 10, 5]
True Model: DDM(0.0025392134437561033, 0.05000000844001771, 0.5668460097312927, 1.6636314552307128, 5.997692916870117, 4.699440834045411)
True Log Likelihood: (-5936.444722808789, 42.145741925511366)
