  1.858376 seconds (647.80 k allocations: 45.492 MiB, 0.88% gc time, 24.07% compilation time)
bads:TooCloseBounds: For each variable, hard and plausible bounds should not be too close. Moving plausible bounds.
Beginning optimization of a STOCHASTIC objective function (specified noise)

 Iteration    f-count      E[f(x)]        SD[f(x)]           MeshScale          Method              Actions
     0           1         31983.3         97.4783               1                                  
     0          33         30587.1         97.4783               1          Initial mesh            Initial points
     0          34         30558.3         11.0107               1        Successful poll           Train
     1          39         30482.5         11.0116               1      Successful search (ES-wcm)        
     1          58         30482.5         11.0116             0.5          Refine grid             Train
     2          75         30423.5         11.1576               1        Successful poll           Train
     3          83         30405.4         11.1594               1      Successful search (ES-wcm)        
     3          86         30316.5          11.547               1      Successful search (ES-ell)        
     3         107         30316.5          11.547             0.5          Refine grid             Train
     4         110         30348.5         11.0933             0.5      Successful search (ES-ell)        
     4         135         30348.5         11.0933            0.25          Refine grid             
     5         158         30427.5          10.985          0.0625          Refine grid             Train
     6         159         30473.9         23.6916          0.0625      Successful search (ES-wcm)        
     6         160         30460.6         31.5372          0.0625      Successful search (ES-wcm)        
     6         161         30447.3         41.7958          0.0625      Successful search (ES-ell)        
     6         190         30447.3         41.7958         0.03125          Refine grid             Train
     7         192           30465         8.28969         0.03125      Successful search (ES-wcm)        
     7         194         30463.3         8.47005         0.03125      Incremental search (ES-wcm)        
     7         208         30446.7         6.96379          0.0625        Successful poll           
     8         220         30436.8         11.0932           0.125        Successful poll           
     9         243         30437.1         11.0896          0.0625          Refine grid             Train
    10         244         30500.3         18.2945          0.0625      Successful search (ES-wcm)        
    10         275         30500.3         18.2945         0.03125          Refine grid             Train
    11         276         30489.1         9.27442         0.03125      Successful search (ES-wcm)        
    11         277         30462.8         10.0117         0.03125      Successful search (ES-wcm)        
    11         279         30380.9         10.8008         0.03125      Successful search (ES-wcm)        
    11         280         30335.2         11.3356         0.03125      Successful search (ES-wcm)        
    11         307         30335.2         11.3356        0.015625          Refine grid             
    12         308         30514.4         3.66131        0.015625      Successful search (ES-ell)        
    12         309         30502.6         4.00264        0.015625      Successful search (ES-ell)        
    12         311         30502.1         11.7678        0.015625      Incremental search (ES-ell)        
    12         312         30475.5         12.1849        0.015625      Successful search (ES-wcm)        
    12         313         30294.7         17.6806        0.015625      Successful search (ES-ell)        
    12         314         30191.3         23.1494        0.015625      Successful search (ES-ell)        
    12         338         30191.3         23.1494       0.0078125          Refine grid             
    13         339           30527         3.66228       0.0078125      Incremental search (ES-ell)        
    13         340         30509.3         3.59476       0.0078125      Successful search (ES-ell)        
    13         370         30509.3         3.59476      0.00390625          Refine grid             
    14         394         30535.6         13.3987      0.00195312          Refine grid             Train
    15         418         30535.2         17.2971     0.000488281          Refine grid             Train
    16         419         30540.9         9.90379     0.000488281      Incremental search (ES-wcm)        
    16         420         30540.8         9.85765     0.000488281      Incremental search (ES-wcm)        
    16         422         30539.3         9.77013     0.000488281      Incremental search (ES-ell)        
    16         423         30536.2         9.74365     0.000488281      Incremental search (ES-ell)        
    16         424         30532.3         9.75793     0.000488281      Incremental search (ES-ell)        
    16         425         30526.3         9.82745     0.000488281      Successful search (ES-ell)        
    16         426         30513.7          10.378     0.000488281      Successful search (ES-ell)        
    16         450         30513.7          10.378     0.000244141          Refine grid             
    17         451           30536         18.5561     0.000244141      Incremental search (ES-ell)        
    17         474           30536         18.5561      0.00012207          Refine grid             Train
    18         475         30495.9         9.14283      0.00012207      Incremental search (ES-ell)        
    18         476         30495.8         9.11057      0.00012207      Incremental search (ES-ell)        
    18         477         30495.2         9.09234      0.00012207      Incremental search (ES-ell)        
    18         478           30495         9.09446      0.00012207      Incremental search (ES-ell)        
    18         479         30491.6         9.13842      0.00012207      Incremental search (ES-ell)        
    18         480         30488.8         9.32151      0.00012207      Incremental search (ES-wcm)        
    18         481         30482.8         10.1031      0.00012207      Successful search (ES-wcm)        
    18         482         30473.6         10.7076      0.00012207      Successful search (ES-wcm)        
    18         506         30473.6         10.7076     6.10352e-05          Refine grid             
    19         507         30538.6         8.03493     6.10352e-05      Incremental search (ES-wcm)        
    19         508         30538.1          8.0168     6.10352e-05      Incremental search (ES-wcm)        
    19         509         30537.9         8.01269     6.10352e-05      Incremental search (ES-wcm)        
    19         530         30537.9         8.01269     3.05176e-05          Refine grid             Train
Optimization terminated: change in the function value less than options['tol_fun'].
Estimated function value at minimum: 30599.74293507528 ± 38.92363297509752 (mean ± SEM from 10 samples)
Any[0.001, 0.005, 0.3, 1.0, 2, 1, 0.005, 0.005]
Any[0.005, 0.01, 1.2, 1.8, 10, 5, 0.01, 0.01]
True Model: DDM(0.004141267578125, 0.008673795166015625, 0.576543896484375, 1.12593984375, 7.160759765625, 4.5369589843750004, 0.006421229248046874, 0.00924455078125)
True Log Likelihood: (-30611.102189689107, 96.11812692001475)
