The latest version of Julia in the `release` channel is 1.10.3+0.x64.linux.gnu. You currently have `1.10.2+0.x64.linux.gnu` installed. Run:

  juliaup update

in your terminal shell to install Julia 1.10.3+0.x64.linux.gnu and update the `release` channel to that version.
Traceback (most recent call last):
  File "/home/my2689/.ssh/fitting_example/bads.py", line 39, in <module>
    result = bads.optimize()
  File "/scratch/my2689/rl/lib/python3.10/site-packages/pybads/bads/bads.py", line 1166, in optimize
    gp, Ns_gp, sn2hpd, hyp_dict = self._init_optimization_()
  File "/scratch/my2689/rl/lib/python3.10/site-packages/pybads/bads/bads.py", line 1048, in _init_optimization_
    self._init_mesh_()
  File "/scratch/my2689/rl/lib/python3.10/site-packages/pybads/bads/bads.py", line 920, in _init_mesh_
    self.yval, self.fsd, _ = self.function_logger(self.u)
  File "/scratch/my2689/rl/lib/python3.10/site-packages/pybads/function_logger/function_logger.py", line 120, in __call__
    fun_res = self.fun(x_orig)
  File "/home/my2689/.ssh/fitting_example/bads.py", line 26, in target
    y = json.loads(input())
EOFError: ('EOF when reading a line', '\n FunctionLogger:FuncError Error in executing the logged function with input: [2.52392406e-03 5.04784811e-05 5.50000000e-01 1.15000000e+00\n 1.25000000e+02 8.00318549e+01]')
Exception ignored in: <_io.TextIOWrapper name='<stdout>' mode='w' encoding='utf-8'>
BrokenPipeError: [Errno 32] Broken pipe
ERROR: LoadError: MethodError: no method matching parallel_ibs(::var"#9#15"{Float64, Int64, DDM, LapseModel}, ::Vector{Trial}; min_logp::Float64, repeats::Int64)
Stacktrace:
 [1] log_likelihood(model::DDM, trials::Vector{Trial}; parallel::Bool, ε::Float64, rt_tol::Int64, kws::@Kwargs{repeats::Int64})
   @ Main ~/.ssh/fitting_example/two_stage/main.jl:68
 [2] (::var"#73#74")(params::Vector{Float64})
   @ Main ~/.ssh/fitting_example/two_stage/main.jl:125
 [3] optimize_bads(f::var"#73#74", bads::BADS)
   @ Main ~/.ssh/fitting_example/two_stage/bads.jl:121
 [4] optimize_bads(f::Function, config::BadsConfig)
   @ Main ~/.ssh/fitting_example/two_stage/bads.jl:125
 [5] #optimize_bads#70
   @ ~/.ssh/fitting_example/two_stage/bads.jl:126 [inlined]
 [6] top-level scope
   @ ~/.ssh/fitting_example/two_stage/main.jl:121
in expression starting at /home/my2689/.ssh/fitting_example/two_stage/main.jl:121
