Traceback (most recent call last):
  File "/home/my2689/.ssh/fitting_example/bads.py", line 39, in <module>
    result = bads.optimize()
  File "/scratch/my2689/rl/lib/python3.9/site-packages/pybads/bads/bads.py", line 1166, in optimize
    gp, Ns_gp, sn2hpd, hyp_dict = self._init_optimization_()
  File "/scratch/my2689/rl/lib/python3.9/site-packages/pybads/bads/bads.py", line 1048, in _init_optimization_
    self._init_mesh_()
  File "/scratch/my2689/rl/lib/python3.9/site-packages/pybads/bads/bads.py", line 920, in _init_mesh_
    self.yval, self.fsd, _ = self.function_logger(self.u)
  File "/scratch/my2689/rl/lib/python3.9/site-packages/pybads/function_logger/function_logger.py", line 120, in __call__
    fun_res = self.fun(x_orig)
  File "/home/my2689/.ssh/fitting_example/bads.py", line 26, in target
    y = json.loads(input())
EOFError: ('EOF when reading a line', '\n FunctionLogger:FuncError Error in executing the logged function with input: [0.0075 0.0075 0.6    1.25   5.     2.5    0.03   0.03  ]')
Exception ignored in: <_io.TextIOWrapper name='<stdout>' mode='w' encoding='utf-8'>
BrokenPipeError: [Errno 32] Broken pipe
ERROR: LoadError: MethodError: no method matching DDM(; d1::Float64, d2::Float64, threshold1::Float64, threshold2::Float64, t1_error::Float64, t2_error::Float64, β::Float64, κ::Float64)

Closest candidates are:
  DDM(; d1, d2, threshold1, threshold2, t1_error, t2_error) got unsupported keyword arguments "β", "κ"
   @ Main ~/.ssh/fitting_example/two_stage/ddm_average.jl:6
  DDM(!Matched::Float64, !Matched::Float64, !Matched::Float64, !Matched::Float64, !Matched::Float64, !Matched::Float64) got unsupported keyword arguments "d1", "d2", "threshold1", "threshold2", "t1_error", "t2_error", "β", "κ"
   @ Main ~/.ssh/fitting_example/two_stage/ddm_average.jl:8
  DDM(!Matched::Any, !Matched::Any, !Matched::Any, !Matched::Any, !Matched::Any, !Matched::Any) got unsupported keyword arguments "d1", "d2", "threshold1", "threshold2", "t1_error", "t2_error", "β", "κ"
   @ Main ~/.ssh/fitting_example/two_stage/ddm_average.jl:8

Stacktrace:
 [1] kwerr(kw::@NamedTuple{d1::Float64, d2::Float64, threshold1::Float64, threshold2::Float64, t1_error::Float64, t2_error::Float64, β::Float64, κ::Float64}, args::Type)
   @ Base ./error.jl:165
 [2] (::var"#63#64")(params::Vector{Float64})
   @ Main ~/.ssh/fitting_example/two_stage/main.jl:127
 [3] optimize_bads(f::var"#63#64", bads::BADS)
   @ Main ~/.ssh/fitting_example/two_stage/bads.jl:121
 [4] optimize_bads(f::Function, config::BadsConfig)
   @ Main ~/.ssh/fitting_example/two_stage/bads.jl:125
 [5] #optimize_bads#60
   @ ~/.ssh/fitting_example/two_stage/bads.jl:126 [inlined]
 [6] top-level scope
   @ ~/.ssh/fitting_example/two_stage/main.jl:124
in expression starting at /home/my2689/.ssh/fitting_example/two_stage/main.jl:124
